<?xml version="1.0" encoding="UTF-8"?>
<testng-results skipped="0" failed="0" ignored="0" total="1" passed="1">
  <reporter-output>
  </reporter-output>
  <suite name="Default suite" duration-ms="24189" started-at="2019-05-28T15:20:57Z" finished-at="2019-05-28T15:21:21Z">
    <groups>
    </groups>
    <test name="Default test" duration-ms="24189" started-at="2019-05-28T15:20:57Z" finished-at="2019-05-28T15:21:21Z">
      <class name="com.capsulecrm.test.SetupAndTear">
        <test-method status="PASS" signature="setup()[pri:0, instance:com.capsulecrm.test.SetupAndTear@3e6fa38a]" name="setup" duration-ms="24079" started-at="2019-05-28T15:20:57Z" finished-at="2019-05-28T15:21:21Z">
          <reporter-output>
          </reporter-output>
        </test-method> <!-- setup -->
      </class> <!-- com.capsulecrm.test.SetupAndTear -->
    </test> <!-- Default test -->
  </suite> <!-- Default suite -->
</testng-results>
