<?xml version="1.0" encoding="UTF-8"?>
<testng-results skipped="0" failed="0" ignored="0" total="2" passed="2">
  <reporter-output>
  </reporter-output>
  <suite name="Selenium Coding challenge Part 3- Naveen Automation Labs" duration-ms="140406" started-at="2019-06-01T11:09:33Z" finished-at="2019-06-01T11:11:54Z">
    <groups>
    </groups>
    <test name="Add Person and Case" duration-ms="45255" started-at="2019-06-01T11:09:33Z" finished-at="2019-06-01T11:10:19Z">
      <class name="com.capsulecrm.test.Test1">
        <test-method status="PASS" signature="initialize()[pri:0, instance:com.capsulecrm.test.Test1@23e028a9]" name="initialize" is-config="true" duration-ms="11646" started-at="2019-06-01T11:09:33Z" finished-at="2019-06-01T11:09:45Z">
          <reporter-output>
          </reporter-output>
        </test-method> <!-- initialize -->
        <test-method status="PASS" signature="addPersonAndCase(java.lang.Object)[pri:0, instance:com.capsulecrm.test.Test1@23e028a9]" name="addPersonAndCase" duration-ms="30086" started-at="2019-06-01T11:09:47Z" data-provider="Persondata" finished-at="2019-06-01T11:10:17Z">
          <params>
            <param index="0">
              <value>
                <![CDATA[{PHONE NUMBER=1234567890, FIRST NAME=Test, JOB TITLE=Demonstrator, CASE TAG=Java, ORGANISATION=Eclipse workspace, EMAIL ADDRESS=testperson@eclip.com, WEBSITES=eclip.com, LAST NAME=Person, CASE DESCRIPTION=Challenge 3, TITLE=Mr, CASE NAME=Selenium Coding Cahllenge, TAGS=Selenium}]]>
              </value>
            </param>
          </params>
          <reporter-output>
          </reporter-output>
        </test-method> <!-- addPersonAndCase -->
        <test-method status="PASS" signature="clean()[pri:0, instance:com.capsulecrm.test.Test1@23e028a9]" name="clean" is-config="true" duration-ms="1210" started-at="2019-06-01T11:10:17Z" finished-at="2019-06-01T11:10:19Z">
          <reporter-output>
          </reporter-output>
        </test-method> <!-- clean -->
      </class> <!-- com.capsulecrm.test.Test1 -->
    </test> <!-- Add Person and Case -->
    <test name="Validate menu in account settings" duration-ms="95087" started-at="2019-06-01T11:10:19Z" finished-at="2019-06-01T11:11:54Z">
      <class name="com.capsulecrm.test.Test2">
        <test-method status="PASS" signature="initialize()[pri:0, instance:com.capsulecrm.test.Test2@5d76b067]" name="initialize" is-config="true" duration-ms="10388" started-at="2019-06-01T11:10:19Z" finished-at="2019-06-01T11:10:29Z">
          <reporter-output>
          </reporter-output>
        </test-method> <!-- initialize -->
        <test-method status="PASS" signature="accountTest()[pri:0, instance:com.capsulecrm.test.Test2@5d76b067]" name="accountTest" duration-ms="83494" started-at="2019-06-01T11:10:29Z" finished-at="2019-06-01T11:11:53Z">
          <reporter-output>
          </reporter-output>
        </test-method> <!-- accountTest -->
        <test-method status="PASS" signature="clean()[pri:0, instance:com.capsulecrm.test.Test2@5d76b067]" name="clean" is-config="true" duration-ms="1189" started-at="2019-06-01T11:11:53Z" finished-at="2019-06-01T11:11:54Z">
          <reporter-output>
          </reporter-output>
        </test-method> <!-- clean -->
      </class> <!-- com.capsulecrm.test.Test2 -->
      <class name="com.capsulecrm.test.SetupAndTear">
        <test-method status="PASS" signature="setup()[pri:0, instance:com.capsulecrm.test.SetupAndTear@7d0587f1]" name="setup" is-config="true" duration-ms="322" started-at="2019-06-01T11:09:33Z" finished-at="2019-06-01T11:09:33Z">
          <reporter-output>
          </reporter-output>
        </test-method> <!-- setup -->
        <test-method status="PASS" signature="clean()[pri:0, instance:com.capsulecrm.test.SetupAndTear@7d0587f1]" name="clean" is-config="true" duration-ms="890" started-at="2019-06-01T11:11:54Z" finished-at="2019-06-01T11:11:55Z">
          <reporter-output>
          </reporter-output>
        </test-method> <!-- clean -->
      </class> <!-- com.capsulecrm.test.SetupAndTear -->
    </test> <!-- Validate menu in account settings -->
  </suite> <!-- Selenium Coding challenge Part 3- Naveen Automation Labs -->
</testng-results>
